{"/Users/pedroduarte/Dev/nextdate-www/src/components/atoms/NextButton/index.tsx": {"path":"/Users/pedroduarte/Dev/nextdate-www/src/components/atoms/NextButton/index.tsx","statementMap":{"0":{"start":{"line":8,"column":16},"end":{"line":8,"column":27}},"1":{"start":{"line":1,"column":41},"end":{"line":1,"column":null}},"2":{"start":{"line":2,"column":23},"end":{"line":2,"column":null}}},"fnMap":{"0":{"name":"(anonymous_0)","decl":{"start":{"line":8,"column":16},"end":{"line":8,"column":27}},"loc":{"start":{"line":8,"column":16},"end":{"line":8,"column":27}}}},"branchMap":{"0":{"loc":{"start":{"line":8,"column":29},"end":{"line":8,"column":48}},"type":"default-arg","locations":[{"start":{"line":8,"column":34},"end":{"line":8,"column":48}}]}},"s":{"0":1,"1":1,"2":1},"f":{"0":2},"b":{"0":[1]}}
}
